npm WARN config global `--global`, `--local` are deprecated. Use `--location=global` instead.

> @fed-exam/server@1.0.0 start
> ts-node-dev index.ts

[INFO] 16:29:15 ts-node-dev ver. 1.1.0 (using ts-node ver. 9.1.1, typescript ver. 3.9.10)
starting server { serverAPIPort: 3232, APIPath: '/api/tickets' }
server running 3232
TypeError: temp_data_1.tempData.slice is not a function
    at C:\study\ts\CDALab-Exam\server\index.ts:29:33
    at Layer.handle [as handle_request] (C:\study\ts\CDALab-Exam\server\node_modules\express\lib\router\layer.js:95:5)
    at next (C:\study\ts\CDALab-Exam\server\node_modules\express\lib\router\route.js:144:13)
    at Route.dispatch (C:\study\ts\CDALab-Exam\server\node_modules\express\lib\router\route.js:114:3)
    at Layer.handle [as handle_request] (C:\study\ts\CDALab-Exam\server\node_modules\express\lib\router\layer.js:95:5)
    at C:\study\ts\CDALab-Exam\server\node_modules\express\lib\router\index.js:284:15
    at Function.process_params (C:\study\ts\CDALab-Exam\server\node_modules\express\lib\router\index.js:346:12)
    at next (C:\study\ts\CDALab-Exam\server\node_modules\express\lib\router\index.js:280:10)
    at C:\study\ts\CDALab-Exam\server\index.ts:22:2
    at Layer.handle [as handle_request] (C:\study\ts\CDALab-Exam\server\node_modules\express\lib\router\layer.js:95:5)
[INFO] 16:29:45 Restarting: C:\study\ts\CDALab-Exam\server\index.ts has been modified
starting server { serverAPIPort: 3232, APIPath: '/api/tickets' }
server running 3232
[INFO] 16:29:46 Restarting: C:\study\ts\CDALab-Exam\server\index.ts has been modified
starting server { serverAPIPort: 3232, APIPath: '/api/tickets' }
server running 3232
TypeError: temp_data_1.tempData.slice is not a function
    at C:\study\ts\CDALab-Exam\server\index.ts:29:33
    at Layer.handle [as handle_request] (C:\study\ts\CDALab-Exam\server\node_modules\express\lib\router\layer.js:95:5)
    at next (C:\study\ts\CDALab-Exam\server\node_modules\express\lib\router\route.js:144:13)
    at Route.dispatch (C:\study\ts\CDALab-Exam\server\node_modules\express\lib\router\route.js:114:3)
    at Layer.handle [as handle_request] (C:\study\ts\CDALab-Exam\server\node_modules\express\lib\router\layer.js:95:5)
    at C:\study\ts\CDALab-Exam\server\node_modules\express\lib\router\index.js:284:15
    at Function.process_params (C:\study\ts\CDALab-Exam\server\node_modules\express\lib\router\index.js:346:12)
    at next (C:\study\ts\CDALab-Exam\server\node_modules\express\lib\router\index.js:280:10)
    at C:\study\ts\CDALab-Exam\server\index.ts:22:2
    at Layer.handle [as handle_request] (C:\study\ts\CDALab-Exam\server\node_modules\express\lib\router\layer.js:95:5)
TypeError: temp_data_1.tempData.slice is not a function
    at C:\study\ts\CDALab-Exam\server\index.ts:29:33
    at Layer.handle [as handle_request] (C:\study\ts\CDALab-Exam\server\node_modules\express\lib\router\layer.js:95:5)
    at next (C:\study\ts\CDALab-Exam\server\node_modules\express\lib\router\route.js:144:13)
    at Route.dispatch (C:\study\ts\CDALab-Exam\server\node_modules\express\lib\router\route.js:114:3)
    at Layer.handle [as handle_request] (C:\study\ts\CDALab-Exam\server\node_modules\express\lib\router\layer.js:95:5)
    at C:\study\ts\CDALab-Exam\server\node_modules\express\lib\router\index.js:284:15
    at Function.process_params (C:\study\ts\CDALab-Exam\server\node_modules\express\lib\router\index.js:346:12)
    at next (C:\study\ts\CDALab-Exam\server\node_modules\express\lib\router\index.js:280:10)
    at C:\study\ts\CDALab-Exam\server\index.ts:22:2
    at Layer.handle [as handle_request] (C:\study\ts\CDALab-Exam\server\node_modules\express\lib\router\layer.js:95:5)
[INFO] 16:30:37 Restarting: C:\study\ts\CDALab-Exam\server\data.json has been modified
starting server { serverAPIPort: 3232, APIPath: '/api/tickets' }
server running 3232
[INFO] 16:30:47 Restarting: C:\study\ts\CDALab-Exam\server\data.json has been modified
starting server { serverAPIPort: 3232, APIPath: '/api/tickets' }
server running 3232
[INFO] 16:30:50 Restarting: C:\study\ts\CDALab-Exam\server\data.json has been modified
starting server { serverAPIPort: 3232, APIPath: '/api/tickets' }
server running 3232
[INFO] 16:30:51 Restarting: C:\study\ts\CDALab-Exam\server\data.json has been modified
starting server { serverAPIPort: 3232, APIPath: '/api/tickets' }
server running 3232
[INFO] 16:30:51 Restarting: C:\study\ts\CDALab-Exam\server\data.json has been modified
starting server { serverAPIPort: 3232, APIPath: '/api/tickets' }
server running 3232
[INFO] 16:30:52 Restarting: C:\study\ts\CDALab-Exam\server\data.json has been modified
starting server { serverAPIPort: 3232, APIPath: '/api/tickets' }
server running 3232
[INFO] 16:30:52 Restarting: C:\study\ts\CDALab-Exam\server\data.json has been modified
starting server { serverAPIPort: 3232, APIPath: '/api/tickets' }
server running 3232
[INFO] 16:31:08 Restarting: C:\study\ts\CDALab-Exam\server\data.json has been modified
starting server { serverAPIPort: 3232, APIPath: '/api/tickets' }
server running 3232
[INFO] 16:31:19 Restarting: C:\study\ts\CDALab-Exam\server\data.json has been modified
starting server { serverAPIPort: 3232, APIPath: '/api/tickets' }
server running 3232
[INFO] 16:31:44 Restarting: C:\study\ts\CDALab-Exam\server\index.ts has been modified
Compilation error in C:\study\ts\CDALab-Exam\server\index.ts
starting server { serverAPIPort: 3232, APIPath: '/api/tickets' }
server running 3232
[INFO] 16:31:45 Restarting: C:\study\ts\CDALab-Exam\server\index.ts has been modified
Compilation error in C:\study\ts\CDALab-Exam\server\index.ts
[ERROR] 16:31:45 ⨯ Unable to compile TypeScript:
index.ts(40,2): error TS2345: Argument of type 'Response<any, Record<string, any>, number>' is not assignable to parameter of type 'string | { encoding?: string | null | undefined; mode?: string | number | undefined; flag?: string | undefined; } | null | undefined'.
  Type 'Response<any, Record<string, any>, number>' has no properties in common with type '{ encoding?: string | null | undefined; mode?: string | number | undefined; flag?: string | undefined; }'.
index.ts(40,2): error TS1005: ',' expected.
index.ts(41,1): error TS1005: ',' expected.

[INFO] 16:31:47 Restarting: C:\study\ts\CDALab-Exam\server\index.ts has been modified
Compilation error in C:\study\ts\CDALab-Exam\server\index.ts
[ERROR] 16:31:48 ⨯ Unable to compile TypeScript:
index.ts(39,36): error TS1002: Unterminated string literal.
index.ts(40,2): error TS1005: ',' expected.
index.ts(41,1): error TS1005: ',' expected.

[INFO] 16:31:49 Restarting: C:\study\ts\CDALab-Exam\server\index.ts has been modified
Compilation error in C:\study\ts\CDALab-Exam\server\index.ts
[ERROR] 16:31:50 ⨯ Unable to compile TypeScript:
index.ts(39,37): error TS1002: Unterminated string literal.
index.ts(40,2): error TS1005: ',' expected.
index.ts(41,1): error TS1005: ',' expected.

[INFO] 16:31:51 Restarting: C:\study\ts\CDALab-Exam\server\index.ts has been modified
Compilation error in C:\study\ts\CDALab-Exam\server\index.ts
[ERROR] 16:31:52 ⨯ Unable to compile TypeScript:
index.ts(40,2): error TS2304: Cannot find name 'res'.
index.ts(40,21): error TS2304: Cannot find name 'ticket'.
index.ts(39,37): error TS1005: ';' expected.
index.ts(41,1): error TS1128: Declaration or statement expected.
index.ts(41,2): error TS1128: Declaration or statement expected.

[INFO] 16:31:53 Restarting: C:\study\ts\CDALab-Exam\server\index.ts has been modified
starting server { serverAPIPort: 3232, APIPath: '/api/tickets' }
server running 3232
TypeError: The "data" argument must be of type string or an instance of Buffer, TypedArray, or DataView. Received an instance of Array
    at Object.writeFileSync (node:fs:2163:5)
    at C:\study\ts\CDALab-Exam\server\index.ts:39:5
    at Layer.handle [as handle_request] (C:\study\ts\CDALab-Exam\server\node_modules\express\lib\router\layer.js:95:5)
    at next (C:\study\ts\CDALab-Exam\server\node_modules\express\lib\router\route.js:144:13)
    at Route.dispatch (C:\study\ts\CDALab-Exam\server\node_modules\express\lib\router\route.js:114:3)
    at Layer.handle [as handle_request] (C:\study\ts\CDALab-Exam\server\node_modules\express\lib\router\layer.js:95:5)
    at C:\study\ts\CDALab-Exam\server\node_modules\express\lib\router\index.js:284:15
    at Function.process_params (C:\study\ts\CDALab-Exam\server\node_modules\express\lib\router\index.js:346:12)
    at next (C:\study\ts\CDALab-Exam\server\node_modules\express\lib\router\index.js:280:10)
    at C:\study\ts\CDALab-Exam\server\index.ts:22:2
TypeError: The "data" argument must be of type string or an instance of Buffer, TypedArray, or DataView. Received an instance of Array
    at Object.writeFileSync (node:fs:2163:5)
    at C:\study\ts\CDALab-Exam\server\index.ts:39:5
    at Layer.handle [as handle_request] (C:\study\ts\CDALab-Exam\server\node_modules\express\lib\router\layer.js:95:5)
    at next (C:\study\ts\CDALab-Exam\server\node_modules\express\lib\router\route.js:144:13)
    at Route.dispatch (C:\study\ts\CDALab-Exam\server\node_modules\express\lib\router\route.js:114:3)
    at Layer.handle [as handle_request] (C:\study\ts\CDALab-Exam\server\node_modules\express\lib\router\layer.js:95:5)
    at C:\study\ts\CDALab-Exam\server\node_modules\express\lib\router\index.js:284:15
    at Function.process_params (C:\study\ts\CDALab-Exam\server\node_modules\express\lib\router\index.js:346:12)
    at next (C:\study\ts\CDALab-Exam\server\node_modules\express\lib\router\index.js:280:10)
    at C:\study\ts\CDALab-Exam\server\index.ts:22:2
TypeError: The "data" argument must be of type string or an instance of Buffer, TypedArray, or DataView. Received an instance of Array
    at Object.writeFileSync (node:fs:2163:5)
    at C:\study\ts\CDALab-Exam\server\index.ts:39:5
    at Layer.handle [as handle_request] (C:\study\ts\CDALab-Exam\server\node_modules\express\lib\router\layer.js:95:5)
    at next (C:\study\ts\CDALab-Exam\server\node_modules\express\lib\router\route.js:144:13)
    at Route.dispatch (C:\study\ts\CDALab-Exam\server\node_modules\express\lib\router\route.js:114:3)
    at Layer.handle [as handle_request] (C:\study\ts\CDALab-Exam\server\node_modules\express\lib\router\layer.js:95:5)
    at C:\study\ts\CDALab-Exam\server\node_modules\express\lib\router\index.js:284:15
    at Function.process_params (C:\study\ts\CDALab-Exam\server\node_modules\express\lib\router\index.js:346:12)
    at next (C:\study\ts\CDALab-Exam\server\node_modules\express\lib\router\index.js:280:10)
    at C:\study\ts\CDALab-Exam\server\index.ts:22:2
[INFO] 16:32:18 Restarting: C:\study\ts\CDALab-Exam\server\data.json has been modified
starting server { serverAPIPort: 3232, APIPath: '/api/tickets' }
server running 3232
[INFO] 16:32:19 Restarting: C:\study\ts\CDALab-Exam\server\data.json has been modified
starting server { serverAPIPort: 3232, APIPath: '/api/tickets' }
server running 3232
TypeError: The "data" argument must be of type string or an instance of Buffer, TypedArray, or DataView. Received an instance of Array
    at Object.writeFileSync (node:fs:2163:5)
    at C:\study\ts\CDALab-Exam\server\index.ts:39:5
    at Layer.handle [as handle_request] (C:\study\ts\CDALab-Exam\server\node_modules\express\lib\router\layer.js:95:5)
    at next (C:\study\ts\CDALab-Exam\server\node_modules\express\lib\router\route.js:144:13)
    at Route.dispatch (C:\study\ts\CDALab-Exam\server\node_modules\express\lib\router\route.js:114:3)
    at Layer.handle [as handle_request] (C:\study\ts\CDALab-Exam\server\node_modules\express\lib\router\layer.js:95:5)
    at C:\study\ts\CDALab-Exam\server\node_modules\express\lib\router\index.js:284:15
    at Function.process_params (C:\study\ts\CDALab-Exam\server\node_modules\express\lib\router\index.js:346:12)
    at next (C:\study\ts\CDALab-Exam\server\node_modules\express\lib\router\index.js:280:10)
    at C:\study\ts\CDALab-Exam\server\index.ts:22:2
[INFO] 16:32:48 Restarting: C:\study\ts\CDALab-Exam\server\index.ts has been modified
Compilation error in C:\study\ts\CDALab-Exam\server\index.ts
[ERROR] 16:32:49 ⨯ Unable to compile TypeScript:
index.ts(39,37): error TS2339: Property 'to' does not exist on type 'Ticket[]'.

[INFO] 16:32:50 Restarting: C:\study\ts\CDALab-Exam\server\index.ts has been modified
starting server { serverAPIPort: 3232, APIPath: '/api/tickets' }
server running 3232
[INFO] 16:33:01 Restarting: C:\study\ts\CDALab-Exam\server\data.json has been modified
SyntaxError: C:\study\ts\CDALab-Exam\server\data.json: Unexpected token o in JSON at position 1
    at parse (<anonymous>)
    at Module._extensions..json (node:internal/modules/cjs/loader:1173:22)
    at Object.nodeDevHook [as .json] (C:\study\ts\CDALab-Exam\server\node_modules\ts-node-dev\lib\hook.js:63:13)
    at Module.load (node:internal/modules/cjs/loader:981:32)
    at Function.Module._load (node:internal/modules/cjs/loader:822:12)
    at Module.require (node:internal/modules/cjs/loader:1005:19)
    at require (node:internal/modules/cjs/helpers:102:18)
    at Object.<anonymous> (C:\study\ts\CDALab-Exam\server\temp-data.ts:4:14)
    at Module._compile (node:internal/modules/cjs/loader:1105:14)
    at Module._compile (C:\study\ts\CDALab-Exam\server\node_modules\source-map-support\source-map-support.js:568:25)
[ERROR] 16:33:01 SyntaxError: C:\study\ts\CDALab-Exam\server\data.json: Unexpected token o in JSON at position 1
[INFO] 16:33:24 Restarting: C:\study\ts\CDALab-Exam\server\index.ts has been modified
Compilation error in C:\study\ts\CDALab-Exam\server\index.ts
[ERROR] 16:33:25 ⨯ Unable to compile TypeScript:
index.ts(39,33): error TS2552: Cannot find name 'Json'. Did you mean 'json'?
index.ts(39,38): error TS1003: Identifier expected.

[INFO] 16:35:46 Restarting: C:\study\ts\CDALab-Exam\server\index.ts has been modified
Compilation error in C:\study\ts\CDALab-Exam\server\index.ts
[ERROR] 16:35:47 ⨯ Unable to compile TypeScript:
index.ts(40,33): error TS2552: Cannot find name 'Json'. Did you mean 'json'?
index.ts(40,38): error TS1003: Identifier expected.

[INFO] 16:35:56 Restarting: C:\study\ts\CDALab-Exam\server\index.ts has been modified
Compilation error in C:\study\ts\CDALab-Exam\server\index.ts
[ERROR] 16:35:56 ⨯ Unable to compile TypeScript:
index.ts(40,33): error TS2552: Cannot find name 'Json'. Did you mean 'json'?
index.ts(40,38): error TS1003: Identifier expected.

[INFO] 16:35:59 Restarting: C:\study\ts\CDALab-Exam\server\index.ts has been modified
[ERROR] 16:35:59 ⨯ Unable to compile TypeScript:
index.ts(39,33): error TS2552: Cannot find name 'Json'. Did you mean 'json'?
index.ts(39,38): error TS1003: Identifier expected.

[INFO] 16:36:08 Restarting: C:\study\ts\CDALab-Exam\server\index.ts has been modified
[ERROR] 16:36:08 ⨯ Unable to compile TypeScript:
index.ts(40,33): error TS2552: Cannot find name 'Json'. Did you mean 'json'?
index.ts(40,38): error TS1003: Identifier expected.

[INFO] 16:36:12 Restarting: C:\study\ts\CDALab-Exam\server\index.ts has been modified
Compilation error in C:\study\ts\CDALab-Exam\server\index.ts
[ERROR] 16:36:13 ⨯ Unable to compile TypeScript:
index.ts(37,33): error TS7006: Parameter 'ticket' implicitly has an 'any' type.
index.ts(40,33): error TS2552: Cannot find name 'Json'. Did you mean 'json'?
index.ts(39,2): error TS1109: Expression expected.
index.ts(40,38): error TS1003: Identifier expected.

[INFO] 16:36:13 Restarting: C:\study\ts\CDALab-Exam\server\index.ts has been modified
Compilation error in C:\study\ts\CDALab-Exam\server\index.ts
[ERROR] 16:36:14 ⨯ Unable to compile TypeScript:
index.ts(37,16): error TS2532: Object is possibly 'undefined'.
index.ts(37,33): error TS7006: Parameter 'ticket' implicitly has an 'any' type.
index.ts(39,12): error TS2532: Object is possibly 'undefined'.
index.ts(40,33): error TS2552: Cannot find name 'Json'. Did you mean 'json'?
index.ts(40,38): error TS1003: Identifier expected.

[INFO] 16:36:15 Restarting: C:\study\ts\CDALab-Exam\server\index.ts has been modified
Compilation error in C:\study\ts\CDALab-Exam\server\index.ts
[ERROR] 16:36:16 ⨯ Unable to compile TypeScript:
index.ts(40,33): error TS2552: Cannot find name 'Json'. Did you mean 'json'?
index.ts(39,2): error TS1109: Expression expected.
index.ts(40,38): error TS1003: Identifier expected.

[INFO] 16:36:21 Restarting: C:\study\ts\CDALab-Exam\server\index.ts has been modified
Compilation error in C:\study\ts\CDALab-Exam\server\index.ts
[ERROR] 16:36:22 ⨯ Unable to compile TypeScript:
index.ts(40,33): error TS2552: Cannot find name 'Json'. Did you mean 'json'?
index.ts(38,29): error TS1003: Identifier expected.
index.ts(40,38): error TS1003: Identifier expected.

[INFO] 16:36:25 Restarting: C:\study\ts\CDALab-Exam\server\index.ts has been modified
Compilation error in C:\study\ts\CDALab-Exam\server\index.ts
[ERROR] 16:36:26 ⨯ Unable to compile TypeScript:
index.ts(38,29): error TS2345: Argument of type 'Ticket[]' is not assignable to parameter of type 'string'.
index.ts(40,33): error TS2552: Cannot find name 'Json'. Did you mean 'json'?
index.ts(40,38): error TS1003: Identifier expected.

[INFO] 16:36:27 Restarting: C:\study\ts\CDALab-Exam\server\index.ts has been modified
Compilation error in C:\study\ts\CDALab-Exam\server\index.ts
[ERROR] 16:36:28 ⨯ Unable to compile TypeScript:
index.ts(38,29): error TS2345: Argument of type 'Ticket[]' is not assignable to parameter of type 'string'.
index.ts(40,33): error TS2552: Cannot find name 'Json'. Did you mean 'json'?
index.ts(40,38): error TS1003: Identifier expected.

[INFO] 16:36:36 Restarting: C:\study\ts\CDALab-Exam\server\index.ts has been modified
[ERROR] 16:36:37 ⨯ Unable to compile TypeScript:
index.ts(39,33): error TS2552: Cannot find name 'Json'. Did you mean 'json'?
index.ts(39,38): error TS1003: Identifier expected.

[INFO] 16:36:47 Restarting: C:\study\ts\CDALab-Exam\server\index.ts has been modified
Compilation error in C:\study\ts\CDALab-Exam\server\index.ts
[ERROR] 16:36:48 ⨯ Unable to compile TypeScript:
index.ts(38,26): error TS2345: Argument of type '{ id: string; title: string; content: string; creationTime: number; userEmail: string; labels: string[] | undefined; }[]' is not assignable to parameter of type 'Ticket'.
  Type '{ id: string; title: string; content: string; creationTime: number; userEmail: string; labels: string[] | undefined; }[]' is missing the following properties from type 'Ticket': id, title, content, creationTime, userEmail
index.ts(39,33): error TS2552: Cannot find name 'Json'. Did you mean 'json'?
index.ts(39,38): error TS1003: Identifier expected.

[INFO] 16:36:49 Restarting: C:\study\ts\CDALab-Exam\server\index.ts has been modified
Compilation error in C:\study\ts\CDALab-Exam\server\index.ts
[ERROR] 16:36:50 ⨯ Unable to compile TypeScript:
index.ts(39,33): error TS2552: Cannot find name 'Json'. Did you mean 'json'?
index.ts(38,192): error TS1005: ',' expected.
index.ts(39,38): error TS1003: Identifier expected.

[INFO] 16:36:54 Restarting: C:\study\ts\CDALab-Exam\server\index.ts has been modified
Compilation error in C:\study\ts\CDALab-Exam\server\index.ts
[ERROR] 16:36:55 ⨯ Unable to compile TypeScript:
index.ts(39,33): error TS2552: Cannot find name 'Json'. Did you mean 'json'?
index.ts(39,38): error TS1003: Identifier expected.

[INFO] 16:36:59 Restarting: C:\study\ts\CDALab-Exam\server\index.ts has been modified
[ERROR] 16:36:59 ⨯ Unable to compile TypeScript:
index.ts(39,33): error TS2552: Cannot find name 'Json'. Did you mean 'json'?
index.ts(39,38): error TS1003: Identifier expected.

[INFO] 16:37:06 Restarting: C:\study\ts\CDALab-Exam\server\index.ts has been modified
SyntaxError: C:\study\ts\CDALab-Exam\server\data.json: Unexpected token o in JSON at position 1
    at parse (<anonymous>)
    at Module._extensions..json (node:internal/modules/cjs/loader:1173:22)
    at Object.nodeDevHook [as .json] (C:\study\ts\CDALab-Exam\server\node_modules\ts-node-dev\lib\hook.js:63:13)
    at Module.load (node:internal/modules/cjs/loader:981:32)
    at Function.Module._load (node:internal/modules/cjs/loader:822:12)
    at Module.require (node:internal/modules/cjs/loader:1005:19)
    at require (node:internal/modules/cjs/helpers:102:18)
    at Object.<anonymous> (C:\study\ts\CDALab-Exam\server\temp-data.ts:4:14)
    at Module._compile (node:internal/modules/cjs/loader:1105:14)
    at Module._compile (C:\study\ts\CDALab-Exam\server\node_modules\source-map-support\source-map-support.js:568:25)
[ERROR] 16:37:07 SyntaxError: C:\study\ts\CDALab-Exam\server\data.json: Unexpected token o in JSON at position 1
[INFO] 16:37:08 Restarting: C:\study\ts\CDALab-Exam\server\index.ts has been modified
SyntaxError: C:\study\ts\CDALab-Exam\server\data.json: Unexpected token o in JSON at position 1
    at parse (<anonymous>)
    at Module._extensions..json (node:internal/modules/cjs/loader:1173:22)
    at Object.nodeDevHook [as .json] (C:\study\ts\CDALab-Exam\server\node_modules\ts-node-dev\lib\hook.js:63:13)
    at Module.load (node:internal/modules/cjs/loader:981:32)
    at Function.Module._load (node:internal/modules/cjs/loader:822:12)
    at Module.require (node:internal/modules/cjs/loader:1005:19)
    at require (node:internal/modules/cjs/helpers:102:18)
    at Object.<anonymous> (C:\study\ts\CDALab-Exam\server\temp-data.ts:4:14)
    at Module._compile (node:internal/modules/cjs/loader:1105:14)
    at Module._compile (C:\study\ts\CDALab-Exam\server\node_modules\source-map-support\source-map-support.js:568:25)
[ERROR] 16:37:08 SyntaxError: C:\study\ts\CDALab-Exam\server\data.json: Unexpected token o in JSON at position 1
[INFO] 16:37:21 Restarting: C:\study\ts\CDALab-Exam\server\data.json has been modified
starting server { serverAPIPort: 3232, APIPath: '/api/tickets' }
server running 3232
[INFO] 16:37:30 Restarting: C:\study\ts\CDALab-Exam\server\data.json has been modified
starting server { serverAPIPort: 3232, APIPath: '/api/tickets' }
server running 3232
[INFO] 16:37:48 Restarting: C:\study\ts\CDALab-Exam\server\index.ts has been modified
starting server { serverAPIPort: 3232, APIPath: '/api/tickets' }
server running 3232
[INFO] 16:37:52 Restarting: C:\study\ts\CDALab-Exam\server\index.ts has been modified
starting server { serverAPIPort: 3232, APIPath: '/api/tickets' }
server running 3232
[INFO] 16:38:01 Restarting: C:\study\ts\CDALab-Exam\server\data.json has been modified
starting server { serverAPIPort: 3232, APIPath: '/api/tickets' }
server running 3232
[INFO] 16:38:06 Restarting: C:\study\ts\CDALab-Exam\server\data.json has been modified
starting server { serverAPIPort: 3232, APIPath: '/api/tickets' }
server running 3232
[INFO] 16:38:26 Restarting: C:\study\ts\CDALab-Exam\server\data.json has been modified
starting server { serverAPIPort: 3232, APIPath: '/api/tickets' }
server running 3232
[INFO] 16:53:18 Restarting: C:\study\ts\CDALab-Exam\server\data.json has been modified
starting server { serverAPIPort: 3232, APIPath: '/api/tickets' }
server running 3232
[INFO] 17:09:31 Restarting: C:\study\ts\CDALab-Exam\server\data.json has been modified
starting server { serverAPIPort: 3232, APIPath: '/api/tickets' }
server running 3232
[INFO] 17:19:00 Restarting: C:\study\ts\CDALab-Exam\server\data.json has been modified
starting server { serverAPIPort: 3232, APIPath: '/api/tickets' }
server running 3232
[INFO] 17:31:12 Restarting: C:\study\ts\CDALab-Exam\server\data.json has been modified
starting server { serverAPIPort: 3232, APIPath: '/api/tickets' }
server running 3232
[INFO] 17:31:12 Restarting: C:\study\ts\CDALab-Exam\server\data.json has been modified
starting server { serverAPIPort: 3232, APIPath: '/api/tickets' }
server running 3232
[INFO] 17:31:36 Restarting: C:\study\ts\CDALab-Exam\server\data.json has been modified
starting server { serverAPIPort: 3232, APIPath: '/api/tickets' }
server running 3232
[INFO] 17:31:41 Restarting: C:\study\ts\CDALab-Exam\server\data.json has been modified
starting server { serverAPIPort: 3232, APIPath: '/api/tickets' }
server running 3232
[INFO] 17:31:45 Restarting: C:\study\ts\CDALab-Exam\server\data.json has been modified
starting server { serverAPIPort: 3232, APIPath: '/api/tickets' }
server running 3232
[INFO] 17:31:55 Restarting: C:\study\ts\CDALab-Exam\server\data.json has been modified
starting server { serverAPIPort: 3232, APIPath: '/api/tickets' }
server running 3232
[INFO] 17:58:38 Restarting: C:\study\ts\CDALab-Exam\server\data.json has been modified
starting server { serverAPIPort: 3232, APIPath: '/api/tickets' }
server running 3232
^C^CTerminate batch job (Y/N)? 