npm WARN config global `--global`, `--local` are deprecated. Use `--location=global` instead.

> @fed-exam/server@1.0.0 start
> ts-node-dev index.ts

[INFO] 01:52:50 ts-node-dev ver. 1.1.0 (using ts-node ver. 9.1.1, typescript ver. 3.9.10)
(node:14416) Warning: To load an ES module, set "type": "module" in the package.json or use the .mjs extension.
(Use `node --trace-warnings ...` to show where the warning was created)
C:\study\ts\CDALab-Exam\server\index.ts:1
import express from 'express';
^^^^^^

SyntaxError: Cannot use import statement outside a module
    at Object.compileFunction (node:vm:352:18)
    at wrapSafe (node:internal/modules/cjs/loader:1033:15)
    at Module._compile (node:internal/modules/cjs/loader:1069:27)
    at Module._compile (C:\study\ts\CDALab-Exam\server\node_modules\source-map-support\source-map-support.js:568:25)
    at Module.m._compile (C:\Users\5C80~1\AppData\Local\Temp\ts-node-dev-hook-4425436482825289.js:69:33)
    at Module._extensions..js (node:internal/modules/cjs/loader:1159:10)
    at require.extensions..jsx.require.extensions..js (C:\Users\5C80~1\AppData\Local\Temp\ts-node-dev-hook-4425436482825289.js:114:20)
    at require.extensions.<computed> (C:\Users\5C80~1\AppData\Local\Temp\ts-node-dev-hook-4425436482825289.js:71:20)
    at Object.nodeDevHook [as .ts] (C:\study\ts\CDALab-Exam\server\node_modules\ts-node-dev\lib\hook.js:63:13)
    at Module.load (node:internal/modules/cjs/loader:981:32)
[ERROR] 01:52:53 SyntaxError: Cannot use import statement outside a module
[INFO] 01:53:32 Reinitializing TS compilation
[INFO] 01:53:32 Restarting: C:\study\ts\CDALab-Exam\server\tsconfig.json has been modified
(node:24652) Warning: To load an ES module, set "type": "module" in the package.json or use the .mjs extension.
(Use `node --trace-warnings ...` to show where the warning was created)
C:\study\ts\CDALab-Exam\server\index.ts:1
import express from 'express';
^^^^^^

SyntaxError: Cannot use import statement outside a module
    at Object.compileFunction (node:vm:352:18)
    at wrapSafe (node:internal/modules/cjs/loader:1033:15)
    at Module._compile (node:internal/modules/cjs/loader:1069:27)
    at Module._compile (C:\study\ts\CDALab-Exam\server\node_modules\source-map-support\source-map-support.js:568:25)
    at Module.m._compile (C:\Users\5C80~1\AppData\Local\Temp\ts-node-dev-hook-4425436482825289.js:69:33)
    at Module._extensions..js (node:internal/modules/cjs/loader:1159:10)
    at require.extensions..jsx.require.extensions..js (C:\Users\5C80~1\AppData\Local\Temp\ts-node-dev-hook-4425436482825289.js:114:20)
    at require.extensions.<computed> (C:\Users\5C80~1\AppData\Local\Temp\ts-node-dev-hook-4425436482825289.js:71:20)
    at Object.nodeDevHook [as .ts] (C:\study\ts\CDALab-Exam\server\node_modules\ts-node-dev\lib\hook.js:63:13)
    at Module.load (node:internal/modules/cjs/loader:981:32)
[ERROR] 01:53:34 SyntaxError: Cannot use import statement outside a module
[INFO] 01:53:35 Reinitializing TS compilation
[INFO] 01:53:35 Restarting: C:\study\ts\CDALab-Exam\server\tsconfig.json has been modified
Error [ERR_REQUIRE_ESM]: require() of ES Module C:\study\ts\CDALab-Exam\node_modules\write-json-file\index.js from C:\study\ts\CDALab-Exam\server\index.ts not supported.
Instead change the require of index.js in C:\study\ts\CDALab-Exam\server\index.ts to a dynamic import() which is available in all CommonJS modules.
    at require.extensions..jsx.require.extensions..js (C:\Users\5C80~1\AppData\Local\Temp\ts-node-dev-hook-4425436482825289.js:114:20)
    at Object.nodeDevHook [as .js] (C:\study\ts\CDALab-Exam\server\node_modules\ts-node-dev\lib\hook.js:63:13)
    at Object.<anonymous> (C:\study\ts\CDALab-Exam\server\index.ts:10:25)
    at Module._compile (C:\study\ts\CDALab-Exam\server\node_modules\source-map-support\source-map-support.js:568:25)
    at Module.m._compile (C:\Users\5C80~1\AppData\Local\Temp\ts-node-dev-hook-4425436482825289.js:69:33)
    at require.extensions..jsx.require.extensions..js (C:\Users\5C80~1\AppData\Local\Temp\ts-node-dev-hook-4425436482825289.js:114:20)
    at require.extensions.<computed> (C:\Users\5C80~1\AppData\Local\Temp\ts-node-dev-hook-4425436482825289.js:71:20)
    at Object.nodeDevHook [as .ts] (C:\study\ts\CDALab-Exam\server\node_modules\ts-node-dev\lib\hook.js:63:13)
    at Object.<anonymous> (C:\study\ts\CDALab-Exam\server\node_modules\ts-node-dev\lib\wrap.js:104:1)
    at Module._compile (C:\study\ts\CDALab-Exam\server\node_modules\source-map-support\source-map-support.js:568:25)
    at Object.require.extensions..jsx.require.extensions..js (C:\Users\5C80~1\AppData\Local\Temp\ts-node-dev-hook-4425436482825289.js:95:24)
[ERROR] 01:53:37 Error: require() of ES Module C:\study\ts\CDALab-Exam\node_modules\write-json-file\index.js from C:\study\ts\CDALab-Exam\server\index.ts not supported.
Instead change the require of index.js in C:\study\ts\CDALab-Exam\server\index.ts to a dynamic import() which is available in all CommonJS modules.
[INFO] 01:53:49 Restarting: C:\study\ts\CDALab-Exam\server\index.ts has been modified
Compilation error in C:\study\ts\CDALab-Exam\server\index.ts
[ERROR] 01:53:49 ⨯ Unable to compile TypeScript:
index.ts(2,42): error TS1005: ')' expected.

[INFO] 01:53:50 Restarting: C:\study\ts\CDALab-Exam\server\index.ts has been modified
Error [ERR_REQUIRE_ESM]: require() of ES Module C:\study\ts\CDALab-Exam\node_modules\write-json-file\index.js from C:\study\ts\CDALab-Exam\server\index.ts not supported.
Instead change the require of index.js in C:\study\ts\CDALab-Exam\server\index.ts to a dynamic import() which is available in all CommonJS modules.
    at require.extensions..jsx.require.extensions..js (C:\Users\5C80~1\AppData\Local\Temp\ts-node-dev-hook-4425436482825289.js:114:20)
    at Object.nodeDevHook [as .js] (C:\study\ts\CDALab-Exam\server\node_modules\ts-node-dev\lib\hook.js:63:13)
    at Object.<anonymous> (C:\study\ts\CDALab-Exam\server\index.ts:10:25)
    at Module._compile (C:\study\ts\CDALab-Exam\server\node_modules\source-map-support\source-map-support.js:568:25)
    at Module.m._compile (C:\Users\5C80~1\AppData\Local\Temp\ts-node-dev-hook-4425436482825289.js:69:33)
    at require.extensions..jsx.require.extensions..js (C:\Users\5C80~1\AppData\Local\Temp\ts-node-dev-hook-4425436482825289.js:114:20)
    at require.extensions.<computed> (C:\Users\5C80~1\AppData\Local\Temp\ts-node-dev-hook-4425436482825289.js:71:20)
    at Object.nodeDevHook [as .ts] (C:\study\ts\CDALab-Exam\server\node_modules\ts-node-dev\lib\hook.js:63:13)
    at Object.<anonymous> (C:\study\ts\CDALab-Exam\server\node_modules\ts-node-dev\lib\wrap.js:104:1)
    at Module._compile (C:\study\ts\CDALab-Exam\server\node_modules\source-map-support\source-map-support.js:568:25)
    at Object.require.extensions..jsx.require.extensions..js (C:\Users\5C80~1\AppData\Local\Temp\ts-node-dev-hook-4425436482825289.js:95:24)
[ERROR] 01:53:53 Error: require() of ES Module C:\study\ts\CDALab-Exam\node_modules\write-json-file\index.js from C:\study\ts\CDALab-Exam\server\index.ts not supported.
Instead change the require of index.js in C:\study\ts\CDALab-Exam\server\index.ts to a dynamic import() which is available in all CommonJS modules.
[INFO] 01:54:11 Restarting: C:\study\ts\CDALab-Exam\server\index.ts has been modified
Compilation error in C:\study\ts\CDALab-Exam\server\index.ts
Compilation error in C:\study\ts\CDALab-Exam\server\index.ts
[ERROR] 01:54:14 ⨯ Unable to compile TypeScript:
index.ts(2,20): error TS1003: Identifier expected.

[INFO] 01:54:14 Restarting: C:\study\ts\CDALab-Exam\server\index.ts has been modified
Compilation error in C:\study\ts\CDALab-Exam\server\index.ts
[INFO] 01:54:16 Restarting: C:\study\ts\CDALab-Exam\server\index.ts has been modified
Error [ERR_REQUIRE_ESM]: require() of ES Module C:\study\ts\CDALab-Exam\node_modules\write-json-file\index.js from C:\study\ts\CDALab-Exam\server\index.ts not supported.
Instead change the require of index.js in C:\study\ts\CDALab-Exam\server\index.ts to a dynamic import() which is available in all CommonJS modules.
    at require.extensions..jsx.require.extensions..js (C:\Users\5C80~1\AppData\Local\Temp\ts-node-dev-hook-4425436482825289.js:114:20)
    at Object.nodeDevHook [as .js] (C:\study\ts\CDALab-Exam\server\node_modules\ts-node-dev\lib\hook.js:63:13)
    at Object.<anonymous> (C:\study\ts\CDALab-Exam\server\index.ts:10:25)
    at Module._compile (C:\study\ts\CDALab-Exam\server\node_modules\source-map-support\source-map-support.js:568:25)
    at Module.m._compile (C:\Users\5C80~1\AppData\Local\Temp\ts-node-dev-hook-4425436482825289.js:69:33)
    at require.extensions..jsx.require.extensions..js (C:\Users\5C80~1\AppData\Local\Temp\ts-node-dev-hook-4425436482825289.js:114:20)
    at require.extensions.<computed> (C:\Users\5C80~1\AppData\Local\Temp\ts-node-dev-hook-4425436482825289.js:71:20)
    at Object.nodeDevHook [as .ts] (C:\study\ts\CDALab-Exam\server\node_modules\ts-node-dev\lib\hook.js:63:13)
    at Object.<anonymous> (C:\study\ts\CDALab-Exam\server\node_modules\ts-node-dev\lib\wrap.js:104:1)
    at Module._compile (C:\study\ts\CDALab-Exam\server\node_modules\source-map-support\source-map-support.js:568:25)
    at Object.require.extensions..jsx.require.extensions..js (C:\Users\5C80~1\AppData\Local\Temp\ts-node-dev-hook-4425436482825289.js:95:24)
[ERROR] 01:54:17 Error: require() of ES Module C:\study\ts\CDALab-Exam\node_modules\write-json-file\index.js from C:\study\ts\CDALab-Exam\server\index.ts not supported.
Instead change the require of index.js in C:\study\ts\CDALab-Exam\server\index.ts to a dynamic import() which is available in all CommonJS modules.
[INFO] 01:54:18 Restarting: C:\study\ts\CDALab-Exam\server\index.ts has been modified
Compilation error in C:\study\ts\CDALab-Exam\server\index.ts
Compilation error in C:\study\ts\CDALab-Exam\server\index.ts
[INFO] 01:54:21 Restarting: C:\study\ts\CDALab-Exam\server\index.ts has been modified
Error [ERR_REQUIRE_ESM]: require() of ES Module C:\study\ts\CDALab-Exam\node_modules\write-json-file\index.js from C:\study\ts\CDALab-Exam\server\index.ts not supported.
Instead change the require of index.js in C:\study\ts\CDALab-Exam\server\index.ts to a dynamic import() which is available in all CommonJS modules.
    at require.extensions..jsx.require.extensions..js (C:\Users\5C80~1\AppData\Local\Temp\ts-node-dev-hook-4425436482825289.js:114:20)
    at Object.nodeDevHook [as .js] (C:\study\ts\CDALab-Exam\server\node_modules\ts-node-dev\lib\hook.js:63:13)
    at Object.<anonymous> (C:\study\ts\CDALab-Exam\server\index.ts:9:25)
    at Module._compile (C:\study\ts\CDALab-Exam\server\node_modules\source-map-support\source-map-support.js:568:25)
    at Module.m._compile (C:\Users\5C80~1\AppData\Local\Temp\ts-node-dev-hook-4425436482825289.js:69:33)
    at require.extensions..jsx.require.extensions..js (C:\Users\5C80~1\AppData\Local\Temp\ts-node-dev-hook-4425436482825289.js:114:20)
    at require.extensions.<computed> (C:\Users\5C80~1\AppData\Local\Temp\ts-node-dev-hook-4425436482825289.js:71:20)
    at Object.nodeDevHook [as .ts] (C:\study\ts\CDALab-Exam\server\node_modules\ts-node-dev\lib\hook.js:63:13)
    at Object.<anonymous> (C:\study\ts\CDALab-Exam\server\node_modules\ts-node-dev\lib\wrap.js:104:1)
    at Module._compile (C:\study\ts\CDALab-Exam\server\node_modules\source-map-support\source-map-support.js:568:25)
    at Object.require.extensions..jsx.require.extensions..js (C:\Users\5C80~1\AppData\Local\Temp\ts-node-dev-hook-4425436482825289.js:95:24)
[ERROR] 01:54:23 Error: require() of ES Module C:\study\ts\CDALab-Exam\node_modules\write-json-file\index.js from C:\study\ts\CDALab-Exam\server\index.ts not supported.
Instead change the require of index.js in C:\study\ts\CDALab-Exam\server\index.ts to a dynamic import() which is available in all CommonJS modules.
[INFO] 01:55:27 Restarting: C:\study\ts\CDALab-Exam\server\index.ts has been modified
Compilation error in C:\study\ts\CDALab-Exam\server\index.ts
[ERROR] 01:55:27 ⨯ Unable to compile TypeScript:
index.ts(7,1): error TS2304: Cannot find name 'z'.

[INFO] 01:55:37 Restarting: C:\study\ts\CDALab-Exam\server\index.ts has been modified
Error [ERR_REQUIRE_ESM]: require() of ES Module C:\study\ts\CDALab-Exam\node_modules\write-json-file\index.js from C:\study\ts\CDALab-Exam\server\index.ts not supported.
Instead change the require of index.js in C:\study\ts\CDALab-Exam\server\index.ts to a dynamic import() which is available in all CommonJS modules.
    at require.extensions..jsx.require.extensions..js (C:\Users\5C80~1\AppData\Local\Temp\ts-node-dev-hook-4425436482825289.js:114:20)
    at Object.nodeDevHook [as .js] (C:\study\ts\CDALab-Exam\server\node_modules\ts-node-dev\lib\hook.js:63:13)
    at Object.<anonymous> (C:\study\ts\CDALab-Exam\server\index.ts:10:25)
    at Module._compile (C:\study\ts\CDALab-Exam\server\node_modules\source-map-support\source-map-support.js:568:25)
    at Module.m._compile (C:\Users\5C80~1\AppData\Local\Temp\ts-node-dev-hook-4425436482825289.js:69:33)
    at require.extensions..jsx.require.extensions..js (C:\Users\5C80~1\AppData\Local\Temp\ts-node-dev-hook-4425436482825289.js:114:20)
    at require.extensions.<computed> (C:\Users\5C80~1\AppData\Local\Temp\ts-node-dev-hook-4425436482825289.js:71:20)
    at Object.nodeDevHook [as .ts] (C:\study\ts\CDALab-Exam\server\node_modules\ts-node-dev\lib\hook.js:63:13)
    at Object.<anonymous> (C:\study\ts\CDALab-Exam\server\node_modules\ts-node-dev\lib\wrap.js:104:1)
    at Module._compile (C:\study\ts\CDALab-Exam\server\node_modules\source-map-support\source-map-support.js:568:25)
    at Object.require.extensions..jsx.require.extensions..js (C:\Users\5C80~1\AppData\Local\Temp\ts-node-dev-hook-4425436482825289.js:95:24)
[ERROR] 01:55:39 Error: require() of ES Module C:\study\ts\CDALab-Exam\node_modules\write-json-file\index.js from C:\study\ts\CDALab-Exam\server\index.ts not supported.
Instead change the require of index.js in C:\study\ts\CDALab-Exam\server\index.ts to a dynamic import() which is available in all CommonJS modules.
[INFO] 01:56:04 Restarting: C:\study\ts\CDALab-Exam\server\index.ts has been modified
Compilation error in C:\study\ts\CDALab-Exam\server\index.ts
[ERROR] 01:56:04 ⨯ Unable to compile TypeScript:
index.ts(3,7): error TS7022: 'fs' implicitly has type 'any' because it does not have a type annotation and is referenced directly or indirectly in its own initializer.
index.ts(3,21): error TS2448: Block-scoped variable 'fs' used before its declaration.
index.ts(3,20): error TS1127: Invalid character.
index.ts(3,23): error TS1127: Invalid character.
index.ts(4,1): error TS1135: Argument expression expected.

[INFO] 01:56:05 Restarting: C:\study\ts\CDALab-Exam\server\index.ts has been modified
Compilation error in C:\study\ts\CDALab-Exam\server\index.ts
[ERROR] 01:56:07 ⨯ Unable to compile TypeScript:
index.ts(3,7): error TS7022: 'fs' implicitly has type 'any' because it does not have a type annotation and is referenced directly or indirectly in its own initializer.
index.ts(3,21): error TS2448: Block-scoped variable 'fs' used before its declaration.
index.ts(3,20): error TS1127: Invalid character.
index.ts(3,23): error TS1127: Invalid character.

^C^CTerminate batch job (Y/N)? 